{
  "stats": {
    "suites": 24,
    "tests": 55,
    "passes": 54,
    "pending": 0,
    "failures": 1,
    "start": "2021-09-16T14:05:49.478Z",
    "end": "2021-09-16T14:10:51.298Z",
    "duration": 135043,
    "testsRegistered": 55,
    "passPercent": 98.18181818181819,
    "pendingPercent": 0,
    "other": 0,
    "hasOther": false,
    "skipped": 0,
    "hasSkipped": false
  },
  "results": [
    {
      "uuid": "f9871ba8-2518-436a-a8e4-28989ae281ee",
      "title": "",
      "fullFile": "cypress\\integration\\automation-test-store\\alias-invoke.js",
      "file": "cypress\\integration\\automation-test-store\\alias-invoke.js",
      "beforeHooks": [],
      "afterHooks": [],
      "tests": [],
      "suites": [
        {
          "uuid": "c542d599-9ee6-442e-a139-2ff935743242",
          "title": "Alias and invoke",
          "fullFile": "",
          "file": "",
          "beforeHooks": [],
          "afterHooks": [],
          "tests": [
            {
              "title": "Calculate total of normal and sale products",
              "fullTitle": "Alias and invoke Calculate total of normal and sale products",
              "timedOut": null,
              "duration": 3415,
              "state": "passed",
              "speed": "slow",
              "pass": true,
              "fail": false,
              "pending": false,
              "context": null,
              "code": "cy.visit(\"https://automationteststore.com/\");\ncy.get('.thumbnail').as('productThumbnail'); // cy.get('@productThumbnail').find('.oneprice').each(($el, index, $list) => {\n//     cy.log($el.text())\n//});\ncy.get('.thumbnail').find('.oneprice').invoke('text').as('itemPrice');\ncy.get('.thumbnail').find('.pricenew').invoke('text').as('saleItemPrice');\nvar itemsTotal = 0;\ncy.get('@itemPrice').then(function ($linkText) {\n  var itemPriceTotal = 0;\n  var itemPrice = $linkText.split('$');\n  var i;\n  for (i = 0; i < itemPrice.length; i++) {\n    cy.log(itemPrice[i]);\n    itemPriceTotal += Number(itemPrice[i]);\n  }\n  itemsTotal += itemPriceTotal;\n  cy.log(\"Non sale price item total:\" + itemPriceTotal);\n});\ncy.get('@saleItemPrice').then(function ($linkText) {\n  var saleItemsPrice = 0;\n  var saleItemPrice = $linkText.split('$');\n  var i;\n  for (i = 0; i < saleItemPrice.length; i++) {\n    cy.log(saleItemPrice[i]);\n    saleItemsPrice += Number(saleItemPrice[i]);\n  }\n  itemsTotal += saleItemsPrice;\n  cy.log(\"Sale price item total: \" + saleItemsPrice);\n}).then(function () {\n  cy.log(\"The total price of all products: \" + itemsTotal);\n  expect(itemsTotal).to.equal(616.70);\n});",
              "err": {},
              "uuid": "6c39219e-c525-4fe0-8600-6d33dc63e889",
              "parentUUID": "c542d599-9ee6-442e-a139-2ff935743242",
              "isHook": false,
              "skipped": false
            }
          ],
          "suites": [],
          "passes": [
            "6c39219e-c525-4fe0-8600-6d33dc63e889"
          ],
          "failures": [],
          "pending": [],
          "skipped": [],
          "duration": 3415,
          "root": false,
          "rootEmpty": false,
          "_timeout": 2000
        }
      ],
      "passes": [],
      "failures": [],
      "pending": [],
      "skipped": [],
      "duration": 0,
      "root": true,
      "rootEmpty": true,
      "_timeout": 2000
    },
    {
      "uuid": "2853678f-710c-46ab-8293-1c7f3ed4645e",
      "title": "",
      "fullFile": "cypress\\integration\\automation-test-store\\contact-us.js",
      "file": "cypress\\integration\\automation-test-store\\contact-us.js",
      "beforeHooks": [],
      "afterHooks": [],
      "tests": [],
      "suites": [
        {
          "uuid": "562431a2-0a22-4d8e-ba75-a106ebf91ded",
          "title": "Test Contact Us form via Automation Test Store",
          "fullFile": "",
          "file": "",
          "beforeHooks": [],
          "afterHooks": [],
          "tests": [
            {
              "title": "Should be able to submit a successful submission via contact us form",
              "fullTitle": "Test Contact Us form via Automation Test Store Should be able to submit a successful submission via contact us form",
              "timedOut": null,
              "duration": 5883,
              "state": "passed",
              "speed": "slow",
              "pass": true,
              "fail": false,
              "pending": false,
              "context": null,
              "code": "cy.visit(\"https://automationteststore.com/\");\ncy.get(\"a[href$='contact']\").click().then(function (linkText) {\n  cy.log(\"You've clicked on the button \" + linkText.text());\n}); //a[contains(@href, 'contact')]\n//cy.xpath(\"//a[contains(@href, 'contact')]\").click();\ncy.get(\"@user\").then(function (user) {\n  cy.get('#ContactUsFrm_first_name').type(user.first_name);\n  cy.get('#ContactUsFrm_email').type(user.email);\n});\ncy.get('#ContactUsFrm_email').should('have.attr', 'name', 'email');\ncy.get('#ContactUsFrm_enquiry').type(\"Comment\");\ncy.get(\"button[title='Submit']\").click();\ncy.get('.mb40 > :nth-child(3)').should('have.text', 'Your enquiry has been successfully sent to the store owner!');\ncy.log(\"Test has completed!\");",
              "err": {},
              "uuid": "acc8cc6b-b24a-4db4-8a20-0e77a472183c",
              "parentUUID": "562431a2-0a22-4d8e-ba75-a106ebf91ded",
              "isHook": false,
              "skipped": false
            }
          ],
          "suites": [],
          "passes": [
            "acc8cc6b-b24a-4db4-8a20-0e77a472183c"
          ],
          "failures": [],
          "pending": [],
          "skipped": [],
          "duration": 5883,
          "root": false,
          "rootEmpty": false,
          "_timeout": 2000
        }
      ],
      "passes": [],
      "failures": [],
      "pending": [],
      "skipped": [],
      "duration": 0,
      "root": true,
      "rootEmpty": true,
      "_timeout": 2000
    },
    {
      "uuid": "83ce4c60-ec7c-406b-9cd6-2534e395c12e",
      "title": "",
      "fullFile": "cypress\\integration\\automation-test-store\\inspect-item.js",
      "file": "cypress\\integration\\automation-test-store\\inspect-item.js",
      "beforeHooks": [],
      "afterHooks": [],
      "tests": [],
      "suites": [
        {
          "uuid": "0c01fa2e-df26-4b6f-904e-96a94e3f37a6",
          "title": "Inspect Automation Test Store items using chain of commands",
          "fullFile": "",
          "file": "",
          "beforeHooks": [],
          "afterHooks": [],
          "tests": [
            {
              "title": "Click on the first item using item text",
              "fullTitle": "Inspect Automation Test Store items using chain of commands Click on the first item using item text",
              "timedOut": null,
              "duration": 3913,
              "state": "passed",
              "speed": "slow",
              "pass": true,
              "fail": false,
              "pending": false,
              "context": null,
              "code": "cy.visit(\"https://automationteststore.com/\");\ncy.get('.prdocutname').contains('Skinsheen Bronzer Stick').click().then(function (itemHeaderText) {\n  console.log(\"Selected the following item: \" + itemHeaderText.text());\n});",
              "err": {},
              "uuid": "4687e91b-841a-425e-a0a4-fdc8449a7189",
              "parentUUID": "0c01fa2e-df26-4b6f-904e-96a94e3f37a6",
              "isHook": false,
              "skipped": false
            }
          ],
          "suites": [],
          "passes": [
            "4687e91b-841a-425e-a0a4-fdc8449a7189"
          ],
          "failures": [],
          "pending": [],
          "skipped": [],
          "duration": 3913,
          "root": false,
          "rootEmpty": false,
          "_timeout": 2000
        }
      ],
      "passes": [],
      "failures": [],
      "pending": [],
      "skipped": [],
      "duration": 0,
      "root": true,
      "rootEmpty": true,
      "_timeout": 2000
    },
    {
      "uuid": "617a18c2-b4d3-4c69-b9f7-cd0351b204c7",
      "title": "",
      "fullFile": "cypress\\integration\\automation-test-store\\iterate-over-elements.js",
      "file": "cypress\\integration\\automation-test-store\\iterate-over-elements.js",
      "beforeHooks": [],
      "afterHooks": [],
      "tests": [],
      "suites": [
        {
          "uuid": "813ed370-a67d-4c49-a4ae-ca25ab46f69b",
          "title": "Iterate over elements",
          "fullFile": "",
          "file": "",
          "beforeHooks": [],
          "afterHooks": [],
          "tests": [
            {
              "title": "Log information of all hair care products",
              "fullTitle": "Iterate over elements Log information of all hair care products",
              "timedOut": null,
              "duration": 2700,
              "state": "passed",
              "speed": "slow",
              "pass": true,
              "fail": false,
              "pending": false,
              "context": null,
              "code": "cy.get(\".fixed_wrapper .prdocutname\").each(function ($el, index, $list) {\n  cy.log(\"Index: \" + index + \" : \" + $el.text());\n});",
              "err": {},
              "uuid": "211fb445-ad3e-4261-8233-cd4c7253585c",
              "parentUUID": "813ed370-a67d-4c49-a4ae-ca25ab46f69b",
              "isHook": false,
              "skipped": false
            },
            {
              "title": "Add specific product to basket",
              "fullTitle": "Iterate over elements Add specific product to basket",
              "timedOut": null,
              "duration": 1921,
              "state": "passed",
              "speed": "slow",
              "pass": true,
              "fail": false,
              "pending": false,
              "context": null,
              "code": "// cy.get(\".fixed_wrapper .prdocutname\").each(($el, index, $list) => {\n//     if($el.text().includes('Curls to straight Shampoo')) {\n//         cy.wrap($el).click()\n//     }\n//   });\ncy.selectProduct('Curls to straight Shampoo');",
              "err": {},
              "uuid": "14f90871-20de-459d-a359-e6c1ad328b85",
              "parentUUID": "813ed370-a67d-4c49-a4ae-ca25ab46f69b",
              "isHook": false,
              "skipped": false
            },
            {
              "title": "Add another specific product to basket",
              "fullTitle": "Iterate over elements Add another specific product to basket",
              "timedOut": null,
              "duration": 1828,
              "state": "passed",
              "speed": "slow",
              "pass": true,
              "fail": false,
              "pending": false,
              "context": null,
              "code": "cy.selectProduct('Seaweed Conditioner');",
              "err": {},
              "uuid": "d4b8fcb1-6f19-4c8a-98b5-fbb045f7ac88",
              "parentUUID": "813ed370-a67d-4c49-a4ae-ca25ab46f69b",
              "isHook": false,
              "skipped": false
            },
            {
              "title": "Add another specific product to basket",
              "fullTitle": "Iterate over elements Add another specific product to basket",
              "timedOut": null,
              "duration": 3401,
              "state": "passed",
              "speed": "slow",
              "pass": true,
              "fail": false,
              "pending": false,
              "context": null,
              "code": "cy.selectProduct('Eau Parfumee au The Vert Shampoo');",
              "err": {},
              "uuid": "8e812612-fc16-40ed-8682-04f831f07f6f",
              "parentUUID": "813ed370-a67d-4c49-a4ae-ca25ab46f69b",
              "isHook": false,
              "skipped": false
            }
          ],
          "suites": [],
          "passes": [
            "211fb445-ad3e-4261-8233-cd4c7253585c",
            "14f90871-20de-459d-a359-e6c1ad328b85",
            "d4b8fcb1-6f19-4c8a-98b5-fbb045f7ac88",
            "8e812612-fc16-40ed-8682-04f831f07f6f"
          ],
          "failures": [],
          "pending": [],
          "skipped": [],
          "duration": 9850,
          "root": false,
          "rootEmpty": false,
          "_timeout": 2000
        }
      ],
      "passes": [],
      "failures": [],
      "pending": [],
      "skipped": [],
      "duration": 0,
      "root": true,
      "rootEmpty": true,
      "_timeout": 2000
    },
    {
      "uuid": "d38ac797-1410-4a2f-97d3-9ef99c58becf",
      "title": "",
      "fullFile": "cypress\\integration\\automation-test-store\\variables-and-cy-commands.js",
      "file": "cypress\\integration\\automation-test-store\\variables-and-cy-commands.js",
      "beforeHooks": [],
      "afterHooks": [],
      "tests": [],
      "suites": [
        {
          "uuid": "4df3c8ae-4464-4f56-80ae-2ed0a5cb9f58",
          "title": "Verifying variables, cypress commands and jquery commands",
          "fullFile": "",
          "file": "",
          "beforeHooks": [],
          "afterHooks": [],
          "tests": [
            {
              "title": "Validate properties of the Contact us page",
              "fullTitle": "Verifying variables, cypress commands and jquery commands Validate properties of the Contact us page",
              "timedOut": null,
              "duration": 2411,
              "state": "passed",
              "speed": "slow",
              "pass": true,
              "fail": false,
              "pending": false,
              "context": null,
              "code": "cy.visit(\"https://automationteststore.com/index.php?rt=content/contact\"); //Uses cypress commands and chaining\ncy.contains('#ContactUsFrm', 'Contact Us Form').find('#field_11').should('contain', 'First name:'); //JQuery Approach\ncy.contains('#ContactUsFrm', 'Contact Us Form').then(function (text) {\n  var firstNameText = text.find('#field_11').text();\n  expect(firstNameText).to.contain('First name'); //Embedde commands (Closure)    \n  cy.get('#field_11').then(function (fnText) {\n    cy.log(fnText.text());\n    cy.log(fnText);\n  });\n});",
              "err": {},
              "uuid": "d8636abd-9c01-4b83-b93c-1285f4a6f8fe",
              "parentUUID": "4df3c8ae-4464-4f56-80ae-2ed0a5cb9f58",
              "isHook": false,
              "skipped": false
            }
          ],
          "suites": [],
          "passes": [
            "d8636abd-9c01-4b83-b93c-1285f4a6f8fe"
          ],
          "failures": [],
          "pending": [],
          "skipped": [],
          "duration": 2411,
          "root": false,
          "rootEmpty": false,
          "_timeout": 2000
        }
      ],
      "passes": [],
      "failures": [],
      "pending": [],
      "skipped": [],
      "duration": 0,
      "root": true,
      "rootEmpty": true,
      "_timeout": 2000
    },
    {
      "uuid": "0b3700d3-52e2-4bd3-a1af-45f86d73a1d3",
      "title": "",
      "fullFile": "cypress\\integration\\Avantra-UI\\Forgot password.js",
      "file": "cypress\\integration\\Avantra-UI\\Forgot password.js",
      "beforeHooks": [],
      "afterHooks": [],
      "tests": [],
      "suites": [
        {
          "uuid": "d8978838-0478-4521-8033-f463628e8a70",
          "title": "Password restore",
          "fullFile": "",
          "file": "",
          "beforeHooks": [],
          "afterHooks": [],
          "tests": [
            {
              "title": "Send email for Email",
              "fullTitle": "Password restore Send email for Email",
              "timedOut": null,
              "duration": 7678,
              "state": "passed",
              "speed": "slow",
              "pass": true,
              "fail": false,
              "pending": false,
              "context": null,
              "code": "cy.get('.content-block__button-forgot-password').click();\ncy.get('.section__title').contains(\"Restore Password\");\ncy.get('#input-restore-login-id').invoke('attr', 'placeholder').should('contain', 'Username or Email');\ncy.get('#input-restore-login-id').type(\"tatyana.ivchenko@avantra.com\");\ncy.get('.background-primary').contains(\"Send\").click();\ncy.wait(3000);\ncy.get('.section__title').contains(\"Email sent\");\ncy.get('.section__subtitle').contains(\"Please check your Email and follow the instructions\");\ncy.get('.button-back').click();",
              "err": {},
              "uuid": "9f3adce2-3e25-4998-95b8-9f761a2e31a5",
              "parentUUID": "d8978838-0478-4521-8033-f463628e8a70",
              "isHook": false,
              "skipped": false
            }
          ],
          "suites": [],
          "passes": [
            "9f3adce2-3e25-4998-95b8-9f761a2e31a5"
          ],
          "failures": [],
          "pending": [],
          "skipped": [],
          "duration": 7678,
          "root": false,
          "rootEmpty": false,
          "_timeout": 2000
        }
      ],
      "passes": [],
      "failures": [],
      "pending": [],
      "skipped": [],
      "duration": 0,
      "root": true,
      "rootEmpty": true,
      "_timeout": 2000
    },
    {
      "uuid": "652365ff-6b2c-4978-9565-f4f8f96bbdbe",
      "title": "",
      "fullFile": "cypress\\integration\\Avantra-UI\\Log-in with Avantra.js",
      "file": "cypress\\integration\\Avantra-UI\\Log-in with Avantra.js",
      "beforeHooks": [],
      "afterHooks": [],
      "tests": [],
      "suites": [
        {
          "uuid": "9abff94f-1ff3-4d31-898d-d8053b4f7a9a",
          "title": "Testing login page",
          "fullFile": "",
          "file": "",
          "beforeHooks": [],
          "afterHooks": [],
          "tests": [
            {
              "title": "Login with correct username and correct password",
              "fullTitle": "Testing login page Login with correct username and correct password",
              "timedOut": null,
              "duration": 5094,
              "state": "passed",
              "speed": "slow",
              "pass": true,
              "fail": false,
              "pending": false,
              "context": null,
              "code": "cy.get('.saml-sign-in').contains(\"Avantra\").click({\n  force: true\n});\ncy.get('#username').type(\"tatyana.ivchenko@avantra.com\");\ncy.get('#password').type(\"IloveIncom1!\");\ncy.get('#kc-login').click(); //failed authorization for now\n//cy.get('.kc-feedback-text').should('have.text', 'Invalid username or password.')",
              "err": {},
              "uuid": "408cf739-7c5f-4279-bdf1-e660a9494c87",
              "parentUUID": "9abff94f-1ff3-4d31-898d-d8053b4f7a9a",
              "isHook": false,
              "skipped": false
            }
          ],
          "suites": [],
          "passes": [
            "408cf739-7c5f-4279-bdf1-e660a9494c87"
          ],
          "failures": [],
          "pending": [],
          "skipped": [],
          "duration": 5094,
          "root": false,
          "rootEmpty": false,
          "_timeout": 2000
        }
      ],
      "passes": [],
      "failures": [],
      "pending": [],
      "skipped": [],
      "duration": 0,
      "root": true,
      "rootEmpty": true,
      "_timeout": 2000
    },
    {
      "uuid": "e82c3d51-12b5-429e-b795-ebcdf373c48d",
      "title": "",
      "fullFile": "cypress\\integration\\Avantra-UI\\Log-in with Google.js",
      "file": "cypress\\integration\\Avantra-UI\\Log-in with Google.js",
      "beforeHooks": [],
      "afterHooks": [],
      "tests": [],
      "suites": [
        {
          "uuid": "bf19cd72-3d4a-46cd-a2b5-7541baa93ae4",
          "title": "Google Login",
          "fullFile": "",
          "file": "",
          "beforeHooks": [],
          "afterHooks": [],
          "tests": [
            {
              "title": "should input email and password",
              "fullTitle": "Google Login should input email and password",
              "timedOut": null,
              "duration": 13129,
              "state": "failed",
              "speed": null,
              "pass": false,
              "fail": true,
              "pending": false,
              "context": null,
              "code": "var _this = this;\n// Handling all errors and 'skipping' test to avoid global failure.\ncy.on('chrome-error', function (err, runnable) {\n  console.error('Google Login -> chrome-error', err);\n  _this.skip();\n});\ncy.visit(\"https://app.dev.avantra.com/xn/ui/\");\ncy.get('.saml-sign-in').contains(\"Google\").click({\n  force: true\n}); // Google Login Redirection: Email Input\ncy.url().should('contain', 'accounts.google.com');\ncy.get('#identifierId').type(\"tatyana.ivchenko@avantra.com\");\ncy.get('#identifierNext button').click().wait(3000); // Google Login Redirection: Password Input\ncy.url().should('contain', 'accounts.google.com').get('input[type=\"password\"]').type('IloveIncom1!').get('#passwordNext button').click().wait(1500);",
              "err": {
                "message": "AssertionError: Timed out retrying: expected 'chrome-error://chromewebdata/' to include 'accounts.google.com'",
                "estack": "AssertionError: Timed out retrying: expected 'chrome-error://chromewebdata/' to include 'accounts.google.com'\n    at Context.eval (eval at <anonymous> (https://app.dev.avantra.com/__cypress/runner/cypress_runner.js:174185:16), <anonymous>:27:14)",
                "diff": null
              },
              "uuid": "d8f79546-2579-4d70-9782-b7db08d8083c",
              "parentUUID": "bf19cd72-3d4a-46cd-a2b5-7541baa93ae4",
              "isHook": false,
              "skipped": false
            }
          ],
          "suites": [],
          "passes": [],
          "failures": [
            "d8f79546-2579-4d70-9782-b7db08d8083c"
          ],
          "pending": [],
          "skipped": [],
          "duration": 13129,
          "root": false,
          "rootEmpty": false,
          "_timeout": 2000
        }
      ],
      "passes": [],
      "failures": [],
      "pending": [],
      "skipped": [],
      "duration": 0,
      "root": true,
      "rootEmpty": true,
      "_timeout": 2000
    },
    {
      "uuid": "9303ce66-3f18-41e8-88b5-09859d16320f",
      "title": "",
      "fullFile": "cypress\\integration\\Avantra-UI\\Wrong email or password.js",
      "file": "cypress\\integration\\Avantra-UI\\Wrong email or password.js",
      "beforeHooks": [],
      "afterHooks": [],
      "tests": [],
      "suites": [
        {
          "uuid": "1bd65aff-05c7-4ea7-b89c-a76c47b00d4e",
          "title": "Testing login page",
          "fullFile": "",
          "file": "",
          "beforeHooks": [],
          "afterHooks": [],
          "tests": [
            {
              "title": "Login and Password fields validation",
              "fullTitle": "Testing login page Login and Password fields validation",
              "timedOut": null,
              "duration": 5477,
              "state": "passed",
              "speed": "slow",
              "pass": true,
              "fail": false,
              "pending": false,
              "context": null,
              "code": "cy.get('.background-primary').contains(\"Login to Avantra\").click();\ncy.wait(500);\ncy.get('[fieldid=\"input-login-id\"]').invoke('attr', 'tooltip').should('contain', 'Login should not be empty');\ncy.get('#input-login-id').should('have.class', 'ng-invalid');\ncy.get('[fieldid=\"input-password-id\"]').invoke('attr', 'tooltip').should('contain', 'Password should not be empty');\ncy.get('#input-password-id').should('have.class', 'ng-invalid');\ncy.get('#input-login-id').type(\"testLogin\");\ncy.get('body').click(0, 0);\ncy.wait(500);\ncy.get('[fieldid=\"input-login-id\"]').should('have.class', 'ng-valid');\ncy.get('#input-password-id').type(\"testPassword\");\ncy.get('body').click(0, 0);\ncy.wait(500);\ncy.get('[fieldid=\"input-password-id\"]').should('have.class', 'ng-valid');",
              "err": {},
              "uuid": "a653280c-20b6-49b8-98a4-9309af8cd5f1",
              "parentUUID": "1bd65aff-05c7-4ea7-b89c-a76c47b00d4e",
              "isHook": false,
              "skipped": false
            },
            {
              "title": "Try wrong login name",
              "fullTitle": "Testing login page Try wrong login name",
              "timedOut": null,
              "duration": 2697,
              "state": "passed",
              "speed": "slow",
              "pass": true,
              "fail": false,
              "pending": false,
              "context": null,
              "code": "cy.get('#input-login-id').type(\"Tanya\");\ncy.get('#input-password-id').type(\"Tanya\");\ncy.get('.content-block__button-sign-in').click();\ncy.get('.mat-simple-snackbar > span').should('have.text', 'The user name or password is not correct!');",
              "err": {},
              "uuid": "f7865e2d-32ae-484e-bb79-2ce1b79c1fda",
              "parentUUID": "1bd65aff-05c7-4ea7-b89c-a76c47b00d4e",
              "isHook": false,
              "skipped": false
            },
            {
              "title": "Try wrong password",
              "fullTitle": "Testing login page Try wrong password",
              "timedOut": null,
              "duration": 1880,
              "state": "passed",
              "speed": "slow",
              "pass": true,
              "fail": false,
              "pending": false,
              "context": null,
              "code": "cy.get('#input-login-id').type(\"Tanya admin\");\ncy.get('#input-password-id').type(\"admin\");\ncy.get('.content-block__button-sign-in').click();\ncy.get('.mat-simple-snackbar > span').should('have.text', 'Bad credentials');",
              "err": {},
              "uuid": "0efb4d63-7041-47d1-b6d6-583b8b341005",
              "parentUUID": "1bd65aff-05c7-4ea7-b89c-a76c47b00d4e",
              "isHook": false,
              "skipped": false
            }
          ],
          "suites": [],
          "passes": [
            "a653280c-20b6-49b8-98a4-9309af8cd5f1",
            "f7865e2d-32ae-484e-bb79-2ce1b79c1fda",
            "0efb4d63-7041-47d1-b6d6-583b8b341005"
          ],
          "failures": [],
          "pending": [],
          "skipped": [],
          "duration": 10054,
          "root": false,
          "rootEmpty": false,
          "_timeout": 2000
        }
      ],
      "passes": [],
      "failures": [],
      "pending": [],
      "skipped": [],
      "duration": 0,
      "root": true,
      "rootEmpty": true,
      "_timeout": 2000
    },
    {
      "uuid": "cecb9733-be95-4ccc-b003-388cb59953b2",
      "title": "",
      "fullFile": "cypress\\integration\\webdriver-uni\\autocomplete-dropdown-list.js",
      "file": "cypress\\integration\\webdriver-uni\\autocomplete-dropdown-list.js",
      "beforeHooks": [],
      "afterHooks": [],
      "tests": [],
      "suites": [
        {
          "uuid": "afab256b-5581-4075-8c75-449ac6786b67",
          "title": "Verify autocomplete dropdown lists via webdriveruni",
          "fullFile": "",
          "file": "",
          "beforeHooks": [],
          "afterHooks": [],
          "tests": [
            {
              "title": "Select specific product via autocomplete list",
              "fullTitle": "Verify autocomplete dropdown lists via webdriveruni Select specific product via autocomplete list",
              "timedOut": null,
              "duration": 2622,
              "state": "passed",
              "speed": "slow",
              "pass": true,
              "fail": false,
              "pending": false,
              "context": null,
              "code": "cy.visit(\"http://www.webdriveruniversity.com\");\ncy.get('#autocomplete-textfield').invoke('removeAttr', 'target').click({\n  force: true\n});\ncy.get('#myInput').type('A');\ncy.get('#myInputautocomplete-list > *').each(function ($el, index, $list) {\n  var prod = $el.text();\n  var productToSelect = 'Avacado';\n  if (prod === productToSelect) {\n    $el.click();\n    cy.get('#submit-button').click();\n    cy.url().should('include', productToSelect);\n  }\n}).then(function () {\n  cy.get('#myInput').type('G');\n  cy.get('#myInputautocomplete-list > *').each(function ($el, index, $list) {\n    var prod = $el.text();\n    var productToSelect = 'Grapes';\n    if (prod === productToSelect) {\n      $el.click();\n      cy.get('#submit-button').click();\n      cy.url().should('include', productToSelect);\n    }\n  });\n});",
              "err": {},
              "uuid": "5700e208-e62c-48b1-95f0-890c361a1073",
              "parentUUID": "afab256b-5581-4075-8c75-449ac6786b67",
              "isHook": false,
              "skipped": false
            }
          ],
          "suites": [],
          "passes": [
            "5700e208-e62c-48b1-95f0-890c361a1073"
          ],
          "failures": [],
          "pending": [],
          "skipped": [],
          "duration": 2622,
          "root": false,
          "rootEmpty": false,
          "_timeout": 2000
        }
      ],
      "passes": [],
      "failures": [],
      "pending": [],
      "skipped": [],
      "duration": 0,
      "root": true,
      "rootEmpty": true,
      "_timeout": 2000
    },
    {
      "uuid": "27753185-3572-4ffc-83f8-a8756333eda9",
      "title": "",
      "fullFile": "cypress\\integration\\webdriver-uni\\browser-navigation.js",
      "file": "cypress\\integration\\webdriver-uni\\browser-navigation.js",
      "beforeHooks": [],
      "afterHooks": [],
      "tests": [],
      "suites": [
        {
          "uuid": "5078158a-195f-498b-954d-84d5ebcfc8c6",
          "title": "Validate webdriveruni homepage links",
          "fullFile": "",
          "file": "",
          "beforeHooks": [],
          "afterHooks": [],
          "tests": [
            {
              "title": "Confirm links redirect to the correct pages",
              "fullTitle": "Validate webdriveruni homepage links Confirm links redirect to the correct pages",
              "timedOut": null,
              "duration": 6944,
              "state": "passed",
              "speed": "slow",
              "pass": true,
              "fail": false,
              "pending": false,
              "context": null,
              "code": "//cy.visit(\"http://www.webdriveruniversity.com/Contact-Us/contactus.html\")\ncy.visit(\"http://www.webdriveruniversity.com\");\ncy.get('#contact-us').invoke('removeAttr', 'target').click({\n  force: true\n});\ncy.url().should('include', 'contactus');\ncy.go('back');\ncy.reload();\ncy.url().should('include', 'http://www.webdriveruniversity.com/'); //cy.reload(true) - reload without cache\ncy.go('forward');\ncy.url().should('include', 'contactus');\ncy.go('back');\ncy.get('#login-portal').invoke('removeAttr', 'target').click({\n  force: true\n});\ncy.url().should('include', 'Login-Portal');\ncy.go('back');\ncy.reload();\ncy.get('#to-do-list').invoke('removeAttr', 'target').click({\n  force: true\n});\ncy.url().should('include', 'To-Do-List');\ncy.go('back');",
              "err": {},
              "uuid": "0f6f4652-b5da-4755-8e0a-debd98eb9b1c",
              "parentUUID": "5078158a-195f-498b-954d-84d5ebcfc8c6",
              "isHook": false,
              "skipped": false
            }
          ],
          "suites": [],
          "passes": [
            "0f6f4652-b5da-4755-8e0a-debd98eb9b1c"
          ],
          "failures": [],
          "pending": [],
          "skipped": [],
          "duration": 6944,
          "root": false,
          "rootEmpty": false,
          "_timeout": 2000
        }
      ],
      "passes": [],
      "failures": [],
      "pending": [],
      "skipped": [],
      "duration": 0,
      "root": true,
      "rootEmpty": true,
      "_timeout": 2000
    },
    {
      "uuid": "1e111e7d-59ee-4d30-b923-f9c25d92261e",
      "title": "",
      "fullFile": "cypress\\integration\\webdriver-uni\\checkboxes.js",
      "file": "cypress\\integration\\webdriver-uni\\checkboxes.js",
      "beforeHooks": [],
      "afterHooks": [],
      "tests": [],
      "suites": [
        {
          "uuid": "3cf933b0-94f6-4f6d-8e50-179665e3a2c9",
          "title": "Verify checkboxes via webdriveruni",
          "fullFile": "",
          "file": "",
          "beforeHooks": [],
          "afterHooks": [],
          "tests": [
            {
              "title": "Check and validate checkbox",
              "fullTitle": "Verify checkboxes via webdriveruni Check and validate checkbox",
              "timedOut": null,
              "duration": 885,
              "state": "passed",
              "speed": "slow",
              "pass": true,
              "fail": false,
              "pending": false,
              "context": null,
              "code": "//cy.get('#checkboxes > :nth-child(1) > input').check()\n//cy.get('#checkboxes > :nth-child(1) > input').check().should('be.checked')\ncy.get('#checkboxes > :nth-child(1) > input').as('option-1'); //cy.get('@option-1').check();\ncy.get('@option-1').check().should('be.checked');",
              "err": {},
              "uuid": "3d0969f5-17e1-4f0b-9afc-a3ecf7e558cd",
              "parentUUID": "3cf933b0-94f6-4f6d-8e50-179665e3a2c9",
              "isHook": false,
              "skipped": false
            },
            {
              "title": "Uncheck and validate checkbox",
              "fullTitle": "Verify checkboxes via webdriveruni Uncheck and validate checkbox",
              "timedOut": null,
              "duration": 394,
              "state": "passed",
              "speed": "slow",
              "pass": true,
              "fail": false,
              "pending": false,
              "context": null,
              "code": "cy.get(':nth-child(5) > input').as('option-3');\ncy.get('@option-3').uncheck().should('not.be.checked');",
              "err": {},
              "uuid": "cd17833a-fec8-4ff9-9c08-f3d624865f7a",
              "parentUUID": "3cf933b0-94f6-4f6d-8e50-179665e3a2c9",
              "isHook": false,
              "skipped": false
            },
            {
              "title": "Check mutiple checkboxes",
              "fullTitle": "Verify checkboxes via webdriveruni Check mutiple checkboxes",
              "timedOut": null,
              "duration": 526,
              "state": "passed",
              "speed": "slow",
              "pass": true,
              "fail": false,
              "pending": false,
              "context": null,
              "code": "cy.get(\"input[type='checkbox']\").check([\"option-1\", \"option-2\", \"option-3\", \"option-4\"]).should('be.checked');",
              "err": {},
              "uuid": "11f32425-ca40-490a-ba90-24dbb4577f07",
              "parentUUID": "3cf933b0-94f6-4f6d-8e50-179665e3a2c9",
              "isHook": false,
              "skipped": false
            }
          ],
          "suites": [],
          "passes": [
            "3d0969f5-17e1-4f0b-9afc-a3ecf7e558cd",
            "cd17833a-fec8-4ff9-9c08-f3d624865f7a",
            "11f32425-ca40-490a-ba90-24dbb4577f07"
          ],
          "failures": [],
          "pending": [],
          "skipped": [],
          "duration": 1805,
          "root": false,
          "rootEmpty": false,
          "_timeout": 2000
        }
      ],
      "passes": [],
      "failures": [],
      "pending": [],
      "skipped": [],
      "duration": 0,
      "root": true,
      "rootEmpty": true,
      "_timeout": 2000
    },
    {
      "uuid": "de9957e2-d1f9-4ef0-9dbd-948812656a12",
      "title": "",
      "fullFile": "cypress\\integration\\webdriver-uni\\contact-us.js",
      "file": "cypress\\integration\\webdriver-uni\\contact-us.js",
      "beforeHooks": [],
      "afterHooks": [],
      "tests": [],
      "suites": [
        {
          "uuid": "61e876a2-a66a-4f1e-9bf4-34bf14bbc8af",
          "title": "Test Contact Us form via WebdriverUni",
          "fullFile": "",
          "file": "",
          "beforeHooks": [],
          "afterHooks": [],
          "tests": [
            {
              "title": "Should be able to submit a successful submission via contact us form",
              "fullTitle": "Test Contact Us form via WebdriverUni Should be able to submit a successful submission via contact us form",
              "timedOut": null,
              "duration": 9062,
              "state": "passed",
              "speed": "slow",
              "pass": true,
              "fail": false,
              "pending": false,
              "context": null,
              "code": "cy.document().should(\"have.property\", \"charset\").and(\"eq\", \"UTF-8\");\ncy.title().should(\"include\", \"WebDriver | Contact Us\");\ncy.url().should(\"include\", \"contactus\");\ncontact_Us_PO.contactForm_Submission(Cypress.env(\"first_name\"), data.last_name, data.email, \"How can I learn Cypress?\", \"h1\", \"Thank You for your Message!\");",
              "err": {},
              "uuid": "b710f3d6-19f8-43b4-a2c3-02e62acaa3a1",
              "parentUUID": "61e876a2-a66a-4f1e-9bf4-34bf14bbc8af",
              "isHook": false,
              "skipped": false
            },
            {
              "title": "Should not be able to submit a successful submission via contact us form as all fields are required",
              "fullTitle": "Test Contact Us form via WebdriverUni Should not be able to submit a successful submission via contact us form as all fields are required",
              "timedOut": null,
              "duration": 5924,
              "state": "passed",
              "speed": "slow",
              "pass": true,
              "fail": false,
              "pending": false,
              "context": null,
              "code": "contact_Us_PO.contactForm_Submission(data.first_name, data.last_name, \" \", \"How can I learn Cypress?\", \"body\", \"Error: Invalid email address\");",
              "err": {},
              "uuid": "4e4b9bc9-12d6-40a2-bd33-61dc6f63d073",
              "parentUUID": "61e876a2-a66a-4f1e-9bf4-34bf14bbc8af",
              "isHook": false,
              "skipped": false
            }
          ],
          "suites": [],
          "passes": [
            "b710f3d6-19f8-43b4-a2c3-02e62acaa3a1",
            "4e4b9bc9-12d6-40a2-bd33-61dc6f63d073"
          ],
          "failures": [],
          "pending": [],
          "skipped": [],
          "duration": 14986,
          "root": false,
          "rootEmpty": false,
          "_timeout": 2000
        }
      ],
      "passes": [],
      "failures": [],
      "pending": [],
      "skipped": [],
      "duration": 0,
      "root": true,
      "rootEmpty": true,
      "_timeout": 2000
    },
    {
      "uuid": "d42a01ce-382b-45be-a340-d8d23e52133c",
      "title": "",
      "fullFile": "cypress\\integration\\webdriver-uni\\data-tables.js",
      "file": "cypress\\integration\\webdriver-uni\\data-tables.js",
      "beforeHooks": [],
      "afterHooks": [],
      "tests": [],
      "suites": [
        {
          "uuid": "a1e72a67-6886-4e14-adaa-db58abb55c3d",
          "title": "Handling data via webdriveruni",
          "fullFile": "",
          "file": "",
          "beforeHooks": [],
          "afterHooks": [],
          "tests": [
            {
              "title": "Calculate and assert the age of a given user based on last name",
              "fullTitle": "Handling data via webdriveruni Calculate and assert the age of a given user based on last name",
              "timedOut": null,
              "duration": 1642,
              "state": "passed",
              "speed": "slow",
              "pass": true,
              "fail": false,
              "pending": false,
              "context": null,
              "code": "cy.get('#thumbnail-1 tr td:nth-child(2)').each(function ($el, index, $list) {\n  var text = $el.text();\n  if (text.includes(\"Woods\")) {\n    cy.get('#thumbnail-1 tr td:nth-child(2)').eq(index).next().then(function (age) {\n      var userAge = age.text();\n      expect(userAge).to.equal(\"80\");\n    });\n  }\n});",
              "err": {},
              "uuid": "f1157db8-b58a-46ed-804d-69549370b51d",
              "parentUUID": "a1e72a67-6886-4e14-adaa-db58abb55c3d",
              "isHook": false,
              "skipped": false
            }
          ],
          "suites": [],
          "passes": [
            "f1157db8-b58a-46ed-804d-69549370b51d"
          ],
          "failures": [],
          "pending": [],
          "skipped": [],
          "duration": 1642,
          "root": false,
          "rootEmpty": false,
          "_timeout": 2000
        }
      ],
      "passes": [],
      "failures": [],
      "pending": [],
      "skipped": [],
      "duration": 0,
      "root": true,
      "rootEmpty": true,
      "_timeout": 2000
    },
    {
      "uuid": "ab5a73e9-3024-41cc-a4de-090e75c8f214",
      "title": "",
      "fullFile": "cypress\\integration\\webdriver-uni\\datepicker.js",
      "file": "cypress\\integration\\webdriver-uni\\datepicker.js",
      "beforeHooks": [],
      "afterHooks": [],
      "tests": [],
      "suites": [
        {
          "uuid": "4628a740-cc7a-44f1-8461-717c38d0130a",
          "title": "Test Datepicker via webdriveruni",
          "fullFile": "",
          "file": "",
          "beforeHooks": [],
          "afterHooks": [],
          "tests": [
            {
              "title": "Select date from the datepicker",
              "fullTitle": "Test Datepicker via webdriveruni Select date from the datepicker",
              "timedOut": null,
              "duration": 3666,
              "state": "passed",
              "speed": "slow",
              "pass": true,
              "fail": false,
              "pending": false,
              "context": null,
              "code": "cy.visit(\"http://www.webdriveruniversity.com\");\ncy.get('#datepicker').invoke('removeAttr', 'target').click({\n  force: true\n});\ncy.get('#datepicker').click(); // let date = new Date();\n// date.setDate(date.getDate()) \n// cy.log(date.getDate()) //get current day i.e. 22\n// let date2 = new Date();\n// date2.setDate(date.getDate() + 5)\n// cy.log(date2.getDate()) //get current day+5 i.e. 22 + 5 = 27\nvar date = new Date();\ndate.setDate(date.getDate() + 86); //adding 1 day to date\nvar futureYear = date.getFullYear();\nvar futureMonth = date.toLocaleString(\"default\", {\n  month: \"long\"\n});\nvar futureDay = date.getDate();\ncy.log(\"Future year to select: \" + futureYear);\ncy.log(\"Future month to select: \" + futureMonth);\ncy.log(\"Future day to select: \" + futureDay);\nfunction selectMonthAndYear() {\n  cy.get('.datepicker-dropdown').find('.datepicker-switch').first().then(function (currentDate) {\n    if (!currentDate.text().includes(futureYear)) {\n      cy.get('.next').first().click();\n      selectMonthAndYear();\n    }\n  }).then(function () {\n    cy.get('.datepicker-dropdown').find('.datepicker-switch').first().then(function (currentDate) {\n      if (!currentDate.text().includes(futureMonth)) {\n        cy.get('.next').first().click();\n        selectMonthAndYear();\n      }\n    });\n  });\n}\nfunction selectFutureDay() {\n  cy.get('[class=\"day\"]').contains(futureDay).click();\n}\nselectMonthAndYear();\nselectFutureDay();",
              "err": {},
              "uuid": "7a8fc8ce-003d-45f5-9605-b2f150998756",
              "parentUUID": "4628a740-cc7a-44f1-8461-717c38d0130a",
              "isHook": false,
              "skipped": false
            }
          ],
          "suites": [],
          "passes": [
            "7a8fc8ce-003d-45f5-9605-b2f150998756"
          ],
          "failures": [],
          "pending": [],
          "skipped": [],
          "duration": 3666,
          "root": false,
          "rootEmpty": false,
          "_timeout": 2000
        }
      ],
      "passes": [],
      "failures": [],
      "pending": [],
      "skipped": [],
      "duration": 0,
      "root": true,
      "rootEmpty": true,
      "_timeout": 2000
    },
    {
      "uuid": "8cdd7c66-b2a6-441d-a6f9-a2ae764821e5",
      "title": "",
      "fullFile": "cypress\\integration\\webdriver-uni\\file-upload .js",
      "file": "cypress\\integration\\webdriver-uni\\file-upload .js",
      "beforeHooks": [],
      "afterHooks": [],
      "tests": [],
      "suites": [
        {
          "uuid": "329f0fb0-65ed-4af3-93d8-fe93c7c11ec6",
          "title": "Test File Upload via webdriveruni",
          "fullFile": "",
          "file": "",
          "beforeHooks": [],
          "afterHooks": [],
          "tests": [
            {
              "title": "Upload a file",
              "fullTitle": "Test File Upload via webdriveruni Upload a file",
              "timedOut": null,
              "duration": 1966,
              "state": "passed",
              "speed": "slow",
              "pass": true,
              "fail": false,
              "pending": false,
              "context": null,
              "code": "cy.visit(\"http://www.webdriveruniversity.com\");\ncy.get('#file-upload').invoke('removeAttr', 'target').click({\n  force: true\n});\ncy.fixture(\"laptop.png\", \"base64\").then(function (fileContent) {\n  cy.get('#myFile').attachFile({\n    fileContent: fileContent,\n    fileName: \"laptop.png\",\n    mimeType: \"image/png\"\n  }, {\n    uploadType: \"input\"\n  });\n});\ncy.get('#submit-button').click();",
              "err": {},
              "uuid": "5c347bff-3b37-42f0-9a14-7752441f42fc",
              "parentUUID": "329f0fb0-65ed-4af3-93d8-fe93c7c11ec6",
              "isHook": false,
              "skipped": false
            },
            {
              "title": "Upload no file",
              "fullTitle": "Test File Upload via webdriveruni Upload no file",
              "timedOut": null,
              "duration": 864,
              "state": "passed",
              "speed": "slow",
              "pass": true,
              "fail": false,
              "pending": false,
              "context": null,
              "code": "cy.visit(\"http://www.webdriveruniversity.com\");\ncy.get('#file-upload').invoke('removeAttr', 'target').click({\n  force: true\n});\ncy.get('#submit-button').click();",
              "err": {},
              "uuid": "848b213a-71a3-4ea5-bbf0-74b9a398dc1f",
              "parentUUID": "329f0fb0-65ed-4af3-93d8-fe93c7c11ec6",
              "isHook": false,
              "skipped": false
            }
          ],
          "suites": [],
          "passes": [
            "5c347bff-3b37-42f0-9a14-7752441f42fc",
            "848b213a-71a3-4ea5-bbf0-74b9a398dc1f"
          ],
          "failures": [],
          "pending": [],
          "skipped": [],
          "duration": 2830,
          "root": false,
          "rootEmpty": false,
          "_timeout": 2000
        }
      ],
      "passes": [],
      "failures": [],
      "pending": [],
      "skipped": [],
      "duration": 0,
      "root": true,
      "rootEmpty": true,
      "_timeout": 2000
    },
    {
      "uuid": "e80ab9a8-2e25-499f-9672-8a122d3c9f8e",
      "title": "",
      "fullFile": "cypress\\integration\\webdriver-uni\\iframe.js",
      "file": "cypress\\integration\\webdriver-uni\\iframe.js",
      "beforeHooks": [],
      "afterHooks": [],
      "tests": [],
      "suites": [
        {
          "uuid": "e2871151-45e7-4162-860a-2145b465afa8",
          "title": "Handling IFrame and Modals",
          "fullFile": "",
          "file": "",
          "beforeHooks": [],
          "afterHooks": [],
          "tests": [
            {
              "title": "Handle webdriveruni iframe and modal",
              "fullTitle": "Handling IFrame and Modals Handle webdriveruni iframe and modal",
              "timedOut": null,
              "duration": 3436,
              "state": "passed",
              "speed": "slow",
              "pass": true,
              "fail": false,
              "pending": false,
              "context": null,
              "code": "cy.visit(\"http://www.webdriveruniversity.com\");\ncy.get('#iframe').invoke('removeAttr', 'target').click({\n  force: true\n});\ncy.get('#frame').then(function ($iframe) {\n  var body = $iframe.contents().find('body');\n  cy.wrap(body).as('iframe');\n});\ncy.get('@iframe').find('#button-find-out-more').click();\ncy.get('@iframe').find('#myModal').as('modal');\ncy.get('@modal').should(function ($expectedText) {\n  var text = $expectedText.text();\n  expect(text).to.include('Welcome to webdriveruniversity.com we sell a wide range of electrical goods');\n});\ncy.get('@modal').contains('Close').click();",
              "err": {},
              "uuid": "888b369d-5fc8-407c-8027-656e4e27e072",
              "parentUUID": "e2871151-45e7-4162-860a-2145b465afa8",
              "isHook": false,
              "skipped": false
            }
          ],
          "suites": [],
          "passes": [
            "888b369d-5fc8-407c-8027-656e4e27e072"
          ],
          "failures": [],
          "pending": [],
          "skipped": [],
          "duration": 3436,
          "root": false,
          "rootEmpty": false,
          "_timeout": 2000
        }
      ],
      "passes": [],
      "failures": [],
      "pending": [],
      "skipped": [],
      "duration": 0,
      "root": true,
      "rootEmpty": true,
      "_timeout": 2000
    },
    {
      "uuid": "3e233f16-3878-475f-acf9-2c0e199fe9ae",
      "title": "",
      "fullFile": "cypress\\integration\\webdriver-uni\\js-alerts.js",
      "file": "cypress\\integration\\webdriver-uni\\js-alerts.js",
      "beforeHooks": [],
      "afterHooks": [],
      "tests": [],
      "suites": [
        {
          "uuid": "3df7bda9-a4fb-403d-8f8d-8420f2b0b4cd",
          "title": "Handle js alerts",
          "fullFile": "",
          "file": "",
          "beforeHooks": [],
          "afterHooks": [],
          "tests": [
            {
              "title": "Confirm js alerts contains the correct text",
              "fullTitle": "Handle js alerts Confirm js alerts contains the correct text",
              "timedOut": null,
              "duration": 3022,
              "state": "passed",
              "speed": "slow",
              "pass": true,
              "fail": false,
              "pending": false,
              "context": null,
              "code": "//cy.visit(\"http://www.webdriveruniversity.com/Contact-Us/contactus.html\")\ncy.visit(\"http://www.webdriveruniversity.com\");\ncy.get('#popup-alerts').invoke('removeAttr', 'target').click({\n  force: true\n});\ncy.get('#button1').click();\ncy.on('window:alert', function (str) {\n  expect(str).to.equal('I am an alert box!');\n});",
              "err": {},
              "uuid": "f144273e-2ebf-4389-998d-5e645f6654f8",
              "parentUUID": "3df7bda9-a4fb-403d-8f8d-8420f2b0b4cd",
              "isHook": false,
              "skipped": false
            },
            {
              "title": "Validate js confirm alert box works correctly when clicking ok",
              "fullTitle": "Handle js alerts Validate js confirm alert box works correctly when clicking ok",
              "timedOut": null,
              "duration": 1132,
              "state": "passed",
              "speed": "slow",
              "pass": true,
              "fail": false,
              "pending": false,
              "context": null,
              "code": "//cy.visit(\"http://www.webdriveruniversity.com/Contact-Us/contactus.html\")\ncy.visit(\"http://www.webdriveruniversity.com\");\ncy.get('#popup-alerts').invoke('removeAttr', 'target').click({\n  force: true\n});\ncy.get('#button4').click();\ncy.on('window:confirm', function (str) {\n  return true; //false\n});\ncy.get('#confirm-alert-text').contains('You pressed OK!');",
              "err": {},
              "uuid": "7dfe364b-a880-4da6-802b-b6b186037d61",
              "parentUUID": "3df7bda9-a4fb-403d-8f8d-8420f2b0b4cd",
              "isHook": false,
              "skipped": false
            },
            {
              "title": "Validate js confirm alert box works correctly when clicking Cancel",
              "fullTitle": "Handle js alerts Validate js confirm alert box works correctly when clicking Cancel",
              "timedOut": null,
              "duration": 690,
              "state": "passed",
              "speed": "slow",
              "pass": true,
              "fail": false,
              "pending": false,
              "context": null,
              "code": "//cy.visit(\"http://www.webdriveruniversity.com/Contact-Us/contactus.html\")\ncy.visit(\"http://www.webdriveruniversity.com\");\ncy.get('#popup-alerts').invoke('removeAttr', 'target').click({\n  force: true\n});\ncy.get('#button4').click();\ncy.on('window:confirm', function (str) {\n  return false;\n});\ncy.get('#confirm-alert-text').contains('You pressed Cancel!');",
              "err": {},
              "uuid": "a34dbcbc-b3fd-44c2-adde-0f33cbffdfed",
              "parentUUID": "3df7bda9-a4fb-403d-8f8d-8420f2b0b4cd",
              "isHook": false,
              "skipped": false
            },
            {
              "title": "Validate js confirm alert box using a stub",
              "fullTitle": "Handle js alerts Validate js confirm alert box using a stub",
              "timedOut": null,
              "duration": 626,
              "state": "passed",
              "speed": "slow",
              "pass": true,
              "fail": false,
              "pending": false,
              "context": null,
              "code": "//cy.visit(\"http://www.webdriveruniversity.com/Contact-Us/contactus.html\")\ncy.visit(\"http://www.webdriveruniversity.com\");\ncy.get('#popup-alerts').invoke('removeAttr', 'target').click({\n  force: true\n});\nvar stub = cy.stub();\ncy.on('window:confirm', stub);\ncy.get('#button4').click().then(function () {\n  expect(stub.getCall(0)).to.be.calledWith('Press a button!');\n}).then(function () {\n  return true;\n}).then(function () {\n  cy.get('#confirm-alert-text').contains('You pressed OK!');\n});",
              "err": {},
              "uuid": "bb4eb462-a5a7-4289-991a-4508d291c212",
              "parentUUID": "3df7bda9-a4fb-403d-8f8d-8420f2b0b4cd",
              "isHook": false,
              "skipped": false
            }
          ],
          "suites": [],
          "passes": [
            "f144273e-2ebf-4389-998d-5e645f6654f8",
            "7dfe364b-a880-4da6-802b-b6b186037d61",
            "a34dbcbc-b3fd-44c2-adde-0f33cbffdfed",
            "bb4eb462-a5a7-4289-991a-4508d291c212"
          ],
          "failures": [],
          "pending": [],
          "skipped": [],
          "duration": 5470,
          "root": false,
          "rootEmpty": false,
          "_timeout": 2000
        }
      ],
      "passes": [],
      "failures": [],
      "pending": [],
      "skipped": [],
      "duration": 0,
      "root": true,
      "rootEmpty": true,
      "_timeout": 2000
    },
    {
      "uuid": "ea95b902-73cd-4f39-89b0-4f66e33d643e",
      "title": "",
      "fullFile": "cypress\\integration\\webdriver-uni\\mouse-actions.js",
      "file": "cypress\\integration\\webdriver-uni\\mouse-actions.js",
      "beforeHooks": [],
      "afterHooks": [],
      "tests": [],
      "suites": [
        {
          "uuid": "a26023de-0cb2-42e6-8763-5f765fdb5319",
          "title": "Test mouse actions",
          "fullFile": "",
          "file": "",
          "beforeHooks": [],
          "afterHooks": [],
          "tests": [
            {
              "title": "Scroll element in the view",
              "fullTitle": "Test mouse actions Scroll element in the view",
              "timedOut": null,
              "duration": 1575,
              "state": "passed",
              "speed": "slow",
              "pass": true,
              "fail": false,
              "pending": false,
              "context": null,
              "code": "cy.visit(\"http://www.webdriveruniversity.com\");\ncy.get('#actions').scrollIntoView().invoke('removeAttr', 'target').click({\n  force: true\n});",
              "err": {},
              "uuid": "689ad2a3-8f50-4cf1-a754-24f5e91ffbea",
              "parentUUID": "a26023de-0cb2-42e6-8763-5f765fdb5319",
              "isHook": false,
              "skipped": false
            },
            {
              "title": "I should be able to drag and drop a dragable item",
              "fullTitle": "Test mouse actions I should be able to drag and drop a dragable item",
              "timedOut": null,
              "duration": 726,
              "state": "passed",
              "speed": "slow",
              "pass": true,
              "fail": false,
              "pending": false,
              "context": null,
              "code": "cy.visit(\"http://www.webdriveruniversity.com\");\ncy.get('#actions').scrollIntoView().invoke('removeAttr', 'target').click({\n  force: true\n});\ncy.get('#draggable').trigger('mousedown', {\n  which: 1\n});\ncy.get('#droppable').trigger('mousemove').trigger('mouseup', {\n  force: true\n});",
              "err": {},
              "uuid": "8f123fac-6723-4820-8a2a-0572f9fdc805",
              "parentUUID": "a26023de-0cb2-42e6-8763-5f765fdb5319",
              "isHook": false,
              "skipped": false
            },
            {
              "title": "I should be able to perform a double mouse click",
              "fullTitle": "Test mouse actions I should be able to perform a double mouse click",
              "timedOut": null,
              "duration": 704,
              "state": "passed",
              "speed": "slow",
              "pass": true,
              "fail": false,
              "pending": false,
              "context": null,
              "code": "cy.visit(\"http://www.webdriveruniversity.com\");\ncy.get('#actions').scrollIntoView().invoke('removeAttr', 'target').click({\n  force: true\n});\ncy.get('#double-click').dblclick();",
              "err": {},
              "uuid": "96fdb50a-e0a7-4fc4-988c-c310f896ce10",
              "parentUUID": "a26023de-0cb2-42e6-8763-5f765fdb5319",
              "isHook": false,
              "skipped": false
            },
            {
              "title": "I should be able to hold down the left mouse button on a given element",
              "fullTitle": "Test mouse actions I should be able to hold down the left mouse button on a given element",
              "timedOut": null,
              "duration": 631,
              "state": "passed",
              "speed": "slow",
              "pass": true,
              "fail": false,
              "pending": false,
              "context": null,
              "code": "cy.visit(\"http://www.webdriveruniversity.com\");\ncy.get('#actions').scrollIntoView().invoke('removeAttr', 'target').click({\n  force: true\n});\ncy.get('#click-box').trigger('mousedown', {\n  which: 1\n}).then(function ($element) {\n  expect($element).to.have.css('background-color', 'rgb(0, 255, 0)');\n});",
              "err": {},
              "uuid": "86cba1ed-fe7e-49ef-8124-d123369d21c1",
              "parentUUID": "a26023de-0cb2-42e6-8763-5f765fdb5319",
              "isHook": false,
              "skipped": false
            }
          ],
          "suites": [],
          "passes": [
            "689ad2a3-8f50-4cf1-a754-24f5e91ffbea",
            "8f123fac-6723-4820-8a2a-0572f9fdc805",
            "96fdb50a-e0a7-4fc4-988c-c310f896ce10",
            "86cba1ed-fe7e-49ef-8124-d123369d21c1"
          ],
          "failures": [],
          "pending": [],
          "skipped": [],
          "duration": 3636,
          "root": false,
          "rootEmpty": false,
          "_timeout": 2000
        }
      ],
      "passes": [],
      "failures": [],
      "pending": [],
      "skipped": [],
      "duration": 0,
      "root": true,
      "rootEmpty": true,
      "_timeout": 2000
    },
    {
      "uuid": "8f3d8e79-5dbd-4a8e-91da-55085927332b",
      "title": "",
      "fullFile": "cypress\\integration\\webdriver-uni\\radio-buttons.js",
      "file": "cypress\\integration\\webdriver-uni\\radio-buttons.js",
      "beforeHooks": [],
      "afterHooks": [],
      "tests": [],
      "suites": [
        {
          "uuid": "5c4a505f-5d21-499f-a880-7a7f1a24ed2d",
          "title": "Verify radio buttons via webdriveruni",
          "fullFile": "",
          "file": "",
          "beforeHooks": [],
          "afterHooks": [],
          "tests": [
            {
              "title": "Check specific radio buttons",
              "fullTitle": "Verify radio buttons via webdriveruni Check specific radio buttons",
              "timedOut": null,
              "duration": 1605,
              "state": "passed",
              "speed": "slow",
              "pass": true,
              "fail": false,
              "pending": false,
              "context": null,
              "code": "cy.get('#radio-buttons').find(\"[type='radio']\").first().check();\ncy.get('#radio-buttons').find(\"[type='radio']\").eq(1).check();",
              "err": {},
              "uuid": "6194cf3c-04c1-4e83-8f8e-501b7d8ed912",
              "parentUUID": "5c4a505f-5d21-499f-a880-7a7f1a24ed2d",
              "isHook": false,
              "skipped": false
            },
            {
              "title": "Validate the states of specific radio buttons",
              "fullTitle": "Verify radio buttons via webdriveruni Validate the states of specific radio buttons",
              "timedOut": null,
              "duration": 182,
              "state": "passed",
              "speed": "slow",
              "pass": true,
              "fail": false,
              "pending": false,
              "context": null,
              "code": "cy.get(\"[value='lettuce']\").should('not.be.checked');\ncy.get(\"[value='pumpkin']\").should('be.checked');\ncy.get(\"[value='lettuce']\").check();\ncy.get(\"[value='lettuce']\").should('be.checked');\ncy.get(\"[value='pumpkin']\").should('not.be.checked');\ncy.get(\"[value='cabbage']\").should('be.disabled'); // [value='cabbage']\n// [value='pumpkin']",
              "err": {},
              "uuid": "cb501768-de36-4f0d-86f6-12d96042946f",
              "parentUUID": "5c4a505f-5d21-499f-a880-7a7f1a24ed2d",
              "isHook": false,
              "skipped": false
            }
          ],
          "suites": [],
          "passes": [
            "6194cf3c-04c1-4e83-8f8e-501b7d8ed912",
            "cb501768-de36-4f0d-86f6-12d96042946f"
          ],
          "failures": [],
          "pending": [],
          "skipped": [],
          "duration": 1787,
          "root": false,
          "rootEmpty": false,
          "_timeout": 2000
        }
      ],
      "passes": [],
      "failures": [],
      "pending": [],
      "skipped": [],
      "duration": 0,
      "root": true,
      "rootEmpty": true,
      "_timeout": 2000
    },
    {
      "uuid": "f080f48c-8b2e-4059-9534-667f711687a7",
      "title": "",
      "fullFile": "cypress\\integration\\webdriver-uni\\select-dropdown-list.js",
      "file": "cypress\\integration\\webdriver-uni\\select-dropdown-list.js",
      "beforeHooks": [],
      "afterHooks": [],
      "tests": [],
      "suites": [
        {
          "uuid": "6bd0b494-6169-455b-9494-6080de2dc28d",
          "title": "Interact with dropdown lists via webdriveruni",
          "fullFile": "",
          "file": "",
          "beforeHooks": [],
          "afterHooks": [],
          "tests": [
            {
              "title": "Select specific values via select dropdown list",
              "fullTitle": "Interact with dropdown lists via webdriveruni Select specific values via select dropdown list",
              "timedOut": null,
              "duration": 2234,
              "state": "passed",
              "speed": "slow",
              "pass": true,
              "fail": false,
              "pending": false,
              "context": null,
              "code": "cy.visit(\"http://www.webdriveruniversity.com\");\ncy.get('#dropdown-checkboxes-radiobuttons').invoke('removeAttr', 'target').click({\n  force: true\n});\ncy.get('#dropdowm-menu-1').select('c#');\ncy.get('#dropdowm-menu-2').select('testng').should('have.value', 'testng');\ncy.get('#dropdowm-menu-3').select('jquery').contains('JQuery');\ncy.get('#dropdowm-menu-2').select('maven').should('have.value', 'maven');\ncy.get('#dropdowm-menu-2').select('testng').contains('TestNG');",
              "err": {},
              "uuid": "ae4110fa-bc0f-4f16-a5d7-1ed72e1f331a",
              "parentUUID": "6bd0b494-6169-455b-9494-6080de2dc28d",
              "isHook": false,
              "skipped": false
            }
          ],
          "suites": [],
          "passes": [
            "ae4110fa-bc0f-4f16-a5d7-1ed72e1f331a"
          ],
          "failures": [],
          "pending": [],
          "skipped": [],
          "duration": 2234,
          "root": false,
          "rootEmpty": false,
          "_timeout": 2000
        }
      ],
      "passes": [],
      "failures": [],
      "pending": [],
      "skipped": [],
      "duration": 0,
      "root": true,
      "rootEmpty": true,
      "_timeout": 2000
    },
    {
      "uuid": "e1042f37-89ad-4ad5-bd2e-0a9099b257b4",
      "title": "",
      "fullFile": "cypress\\integration\\webdriver-uni\\selectors.js",
      "file": "cypress\\integration\\webdriver-uni\\selectors.js",
      "beforeHooks": [],
      "afterHooks": [],
      "tests": [],
      "suites": [
        {
          "uuid": "3bf383e5-44f9-4794-a03c-d336076faeed",
          "title": "Selector examples",
          "fullFile": "",
          "file": "",
          "beforeHooks": [],
          "afterHooks": [],
          "tests": [
            {
              "title": "Examples of Selectors via WebdriverUni Contact Us Page",
              "fullTitle": "Selector examples Examples of Selectors via WebdriverUni Contact Us Page",
              "timedOut": null,
              "duration": 463,
              "state": "passed",
              "speed": "slow",
              "pass": true,
              "fail": false,
              "pending": false,
              "context": null,
              "code": "cy.visit(\"http://www.webdriveruniversity.com/Contact-Us/contactus.html\"); //By tag name\ncy.get(\"input\"); //By attribute name and value\ncy.get(\"input[name='first_name']\"); //By id\ncy.get(\"#contact_me\"); //By class\ncy.get(\".feedback-input\"); //By multiple classes\ncy.get(\"[class='navbar navbar-inverse navbar-fixed-top']\"); //By two different attributes\ncy.get(\"[name='email'][placeholder='Email Address']\"); //By xpath\ncy.xpath(\"//input[@name='first_name']\");",
              "err": {},
              "uuid": "40d2b959-6b89-4676-a3ae-56db323f2680",
              "parentUUID": "3bf383e5-44f9-4794-a03c-d336076faeed",
              "isHook": false,
              "skipped": false
            }
          ],
          "suites": [],
          "passes": [
            "40d2b959-6b89-4676-a3ae-56db323f2680"
          ],
          "failures": [],
          "pending": [],
          "skipped": [],
          "duration": 463,
          "root": false,
          "rootEmpty": false,
          "_timeout": 2000
        }
      ],
      "passes": [],
      "failures": [],
      "pending": [],
      "skipped": [],
      "duration": 0,
      "root": true,
      "rootEmpty": true,
      "_timeout": 2000
    },
    {
      "uuid": "ab3d7f5f-fd79-4521-888e-adc3bdcc270d",
      "title": "",
      "fullFile": "cypress\\integration\\webdriver-uni\\traversing-elements.js",
      "file": "cypress\\integration\\webdriver-uni\\traversing-elements.js",
      "beforeHooks": [],
      "afterHooks": [],
      "tests": [],
      "suites": [
        {
          "uuid": "7426b2e3-4fae-468b-ba2d-9df5e6bf407f",
          "title": "Traversing DOM elements in Cypress",
          "fullFile": "",
          "file": "",
          "beforeHooks": [],
          "afterHooks": [],
          "tests": [
            {
              "title": "children() to get the children of DOM elements",
              "fullTitle": "Traversing DOM elements in Cypress children() to get the children of DOM elements",
              "timedOut": null,
              "duration": 1793,
              "state": "passed",
              "speed": "slow",
              "pass": true,
              "fail": false,
              "pending": false,
              "context": null,
              "code": "cy.get('.traversal-breadcrumb').children('.active').should('contain', 'Contact Us');",
              "err": {},
              "uuid": "07f6f20a-6001-4fbb-a221-a0839f513ca7",
              "parentUUID": "7426b2e3-4fae-468b-ba2d-9df5e6bf407f",
              "isHook": false,
              "skipped": false
            },
            {
              "title": "closest() to validate the closest ancestor DOM element",
              "fullTitle": "Traversing DOM elements in Cypress closest() to validate the closest ancestor DOM element",
              "timedOut": null,
              "duration": 696,
              "state": "passed",
              "speed": "slow",
              "pass": true,
              "fail": false,
              "pending": false,
              "context": null,
              "code": "cy.get('.traversal-badge').closest('ul').should('have.class', 'list-group');",
              "err": {},
              "uuid": "def7a1ac-27c0-43a2-8cfe-fd8859181126",
              "parentUUID": "7426b2e3-4fae-468b-ba2d-9df5e6bf407f",
              "isHook": false,
              "skipped": false
            },
            {
              "title": "eq() to retrieve a specific element based on index",
              "fullTitle": "Traversing DOM elements in Cypress eq() to retrieve a specific element based on index",
              "timedOut": null,
              "duration": 547,
              "state": "passed",
              "speed": "slow",
              "pass": true,
              "fail": false,
              "pending": false,
              "context": null,
              "code": "cy.get('.traversal-drinks-list > *').eq(2).should('contain', 'Milk');",
              "err": {},
              "uuid": "f0c9019f-5d46-433f-a2d0-fae55ba8f535",
              "parentUUID": "7426b2e3-4fae-468b-ba2d-9df5e6bf407f",
              "isHook": false,
              "skipped": false
            },
            {
              "title": "filter() to retrieve DOM elements that match a specific selector",
              "fullTitle": "Traversing DOM elements in Cypress filter() to retrieve DOM elements that match a specific selector",
              "timedOut": null,
              "duration": 675,
              "state": "passed",
              "speed": "slow",
              "pass": true,
              "fail": false,
              "pending": false,
              "context": null,
              "code": "cy.get('.btn-group-toggle> *').filter('.active').should('contain', 'Button-1');",
              "err": {},
              "uuid": "4c32eddb-36e1-4895-897c-03a7e677ddd5",
              "parentUUID": "7426b2e3-4fae-468b-ba2d-9df5e6bf407f",
              "isHook": false,
              "skipped": false
            },
            {
              "title": "find() to retrieve DOM elements of a given selector",
              "fullTitle": "Traversing DOM elements in Cypress find() to retrieve DOM elements of a given selector",
              "timedOut": null,
              "duration": 700,
              "state": "passed",
              "speed": "slow",
              "pass": true,
              "fail": false,
              "pending": false,
              "context": null,
              "code": "cy.get('.traversal-pagination').find('li').find('a').should('have.length', 7);",
              "err": {},
              "uuid": "9d2a00c7-0efc-45e9-b17c-a34e357fc520",
              "parentUUID": "7426b2e3-4fae-468b-ba2d-9df5e6bf407f",
              "isHook": false,
              "skipped": false
            },
            {
              "title": "first() to retrieve the first DOM element within elements ",
              "fullTitle": "Traversing DOM elements in Cypress first() to retrieve the first DOM element within elements ",
              "timedOut": null,
              "duration": 1171,
              "state": "passed",
              "speed": "slow",
              "pass": true,
              "fail": false,
              "pending": false,
              "context": null,
              "code": "cy.get('.traversal-table > tbody > tr > td').first().should('contain', 'Andy');",
              "err": {},
              "uuid": "589944f4-6db7-49a3-8534-90f0f8e3b180",
              "parentUUID": "7426b2e3-4fae-468b-ba2d-9df5e6bf407f",
              "isHook": false,
              "skipped": false
            },
            {
              "title": "last() to retrieve the last DOM element within elements",
              "fullTitle": "Traversing DOM elements in Cypress last() to retrieve the last DOM element within elements",
              "timedOut": null,
              "duration": 992,
              "state": "passed",
              "speed": "slow",
              "pass": true,
              "fail": false,
              "pending": false,
              "context": null,
              "code": "cy.get('.traversal-table > tbody > tr > td').last().should('contain', 'Scott');",
              "err": {},
              "uuid": "f6457aa1-5dc2-4022-91f2-b8921df8c41a",
              "parentUUID": "7426b2e3-4fae-468b-ba2d-9df5e6bf407f",
              "isHook": false,
              "skipped": false
            },
            {
              "title": "nextAll() to get all of the next sibling DOM elements within elements",
              "fullTitle": "Traversing DOM elements in Cypress nextAll() to get all of the next sibling DOM elements within elements",
              "timedOut": null,
              "duration": 901,
              "state": "passed",
              "speed": "slow",
              "pass": true,
              "fail": false,
              "pending": false,
              "context": null,
              "code": "cy.get('.traversal-drinks-list').contains('Tea').nextAll().should('have.length', 3);",
              "err": {},
              "uuid": "2c50c66a-7953-4eb8-9b57-20e559203705",
              "parentUUID": "7426b2e3-4fae-468b-ba2d-9df5e6bf407f",
              "isHook": false,
              "skipped": false
            },
            {
              "title": "nextUntil() to get all of the next sibling DOM elements within elements until another element",
              "fullTitle": "Traversing DOM elements in Cypress nextUntil() to get all of the next sibling DOM elements within elements until another element",
              "timedOut": null,
              "duration": 1129,
              "state": "passed",
              "speed": "slow",
              "pass": true,
              "fail": false,
              "pending": false,
              "context": null,
              "code": "cy.get('#coffee').nextUntil('#milk');",
              "err": {},
              "uuid": "44d41e49-91e7-4ebb-a33a-f89d0588402c",
              "parentUUID": "7426b2e3-4fae-468b-ba2d-9df5e6bf407f",
              "isHook": false,
              "skipped": false
            },
            {
              "title": "not() to remove DOM element(s) from the set of elements",
              "fullTitle": "Traversing DOM elements in Cypress not() to remove DOM element(s) from the set of elements",
              "timedOut": null,
              "duration": 742,
              "state": "passed",
              "speed": "slow",
              "pass": true,
              "fail": false,
              "pending": false,
              "context": null,
              "code": "cy.get('.traversal-button-states > button').not('.disabled').should('not.have.class', 'disabled');",
              "err": {},
              "uuid": "16463f32-e46b-44fd-8357-210c1ebf0404",
              "parentUUID": "7426b2e3-4fae-468b-ba2d-9df5e6bf407f",
              "isHook": false,
              "skipped": false
            },
            {
              "title": "parent() To get parent DOM element of elements",
              "fullTitle": "Traversing DOM elements in Cypress parent() To get parent DOM element of elements",
              "timedOut": null,
              "duration": 566,
              "state": "passed",
              "speed": "slow",
              "pass": true,
              "fail": false,
              "pending": false,
              "context": null,
              "code": "cy.get('.traversal-mark').parent().should('contain', 'Lorem ipsum dolor sit amet');",
              "err": {},
              "uuid": "46cb503b-d6f2-4d22-ab79-442d94114e15",
              "parentUUID": "7426b2e3-4fae-468b-ba2d-9df5e6bf407f",
              "isHook": false,
              "skipped": false
            },
            {
              "title": "parents() to get parents DOM element of elements",
              "fullTitle": "Traversing DOM elements in Cypress parents() to get parents DOM element of elements",
              "timedOut": null,
              "duration": 707,
              "state": "passed",
              "speed": "slow",
              "pass": true,
              "fail": false,
              "pending": false,
              "context": null,
              "code": "cy.get('.traversal-cite').parents().should('match', 'blockquote');",
              "err": {},
              "uuid": "7ad07959-4f05-4b49-a562-a0496539f2e6",
              "parentUUID": "7426b2e3-4fae-468b-ba2d-9df5e6bf407f",
              "isHook": false,
              "skipped": false
            },
            {
              "title": "prev() to get the previous sibling DOM element within elements",
              "fullTitle": "Traversing DOM elements in Cypress prev() to get the previous sibling DOM element within elements",
              "timedOut": null,
              "duration": 574,
              "state": "passed",
              "speed": "slow",
              "pass": true,
              "fail": false,
              "pending": false,
              "context": null,
              "code": "cy.get('#sugar').prev().contains('Espresso');",
              "err": {},
              "uuid": "f199890d-ef6b-43c2-a632-b031fef0d302",
              "parentUUID": "7426b2e3-4fae-468b-ba2d-9df5e6bf407f",
              "isHook": false,
              "skipped": false
            },
            {
              "title": "prevAll() to get all previous sibling DOM elements within elements",
              "fullTitle": "Traversing DOM elements in Cypress prevAll() to get all previous sibling DOM elements within elements",
              "timedOut": null,
              "duration": 628,
              "state": "passed",
              "speed": "slow",
              "pass": true,
              "fail": false,
              "pending": false,
              "context": null,
              "code": "cy.get('.sales').prevAll().should('have.length', 2);",
              "err": {},
              "uuid": "017e0c73-54b1-427b-8bd6-86b15efffbce",
              "parentUUID": "7426b2e3-4fae-468b-ba2d-9df5e6bf407f",
              "isHook": false,
              "skipped": false
            },
            {
              "title": "prevUntil() to get all previous sibling DOM elements within elements until other element",
              "fullTitle": "Traversing DOM elements in Cypress prevUntil() to get all previous sibling DOM elements within elements until other element",
              "timedOut": null,
              "duration": 672,
              "state": "passed",
              "speed": "slow",
              "pass": true,
              "fail": false,
              "pending": false,
              "context": null,
              "code": "cy.get('#veggie').prevUntil('#fruits').should('have.length', 5);",
              "err": {},
              "uuid": "7059d67b-162a-45c5-9ae5-227184b412c3",
              "parentUUID": "7426b2e3-4fae-468b-ba2d-9df5e6bf407f",
              "isHook": false,
              "skipped": false
            },
            {
              "title": "siblings() To get all sibling DOM elements of elements",
              "fullTitle": "Traversing DOM elements in Cypress siblings() To get all sibling DOM elements of elements",
              "timedOut": null,
              "duration": 536,
              "state": "passed",
              "speed": "slow",
              "pass": true,
              "fail": false,
              "pending": false,
              "context": null,
              "code": "cy.get('.traversal-button-other-states .active').siblings().should('have.length', 3);",
              "err": {},
              "uuid": "c1080662-b2d5-4568-b6e6-988b84f2495c",
              "parentUUID": "7426b2e3-4fae-468b-ba2d-9df5e6bf407f",
              "isHook": false,
              "skipped": false
            }
          ],
          "suites": [],
          "passes": [
            "07f6f20a-6001-4fbb-a221-a0839f513ca7",
            "def7a1ac-27c0-43a2-8cfe-fd8859181126",
            "f0c9019f-5d46-433f-a2d0-fae55ba8f535",
            "4c32eddb-36e1-4895-897c-03a7e677ddd5",
            "9d2a00c7-0efc-45e9-b17c-a34e357fc520",
            "589944f4-6db7-49a3-8534-90f0f8e3b180",
            "f6457aa1-5dc2-4022-91f2-b8921df8c41a",
            "2c50c66a-7953-4eb8-9b57-20e559203705",
            "44d41e49-91e7-4ebb-a33a-f89d0588402c",
            "16463f32-e46b-44fd-8357-210c1ebf0404",
            "46cb503b-d6f2-4d22-ab79-442d94114e15",
            "7ad07959-4f05-4b49-a562-a0496539f2e6",
            "f199890d-ef6b-43c2-a632-b031fef0d302",
            "017e0c73-54b1-427b-8bd6-86b15efffbce",
            "7059d67b-162a-45c5-9ae5-227184b412c3",
            "c1080662-b2d5-4568-b6e6-988b84f2495c"
          ],
          "failures": [],
          "pending": [],
          "skipped": [],
          "duration": 13029,
          "root": false,
          "rootEmpty": false,
          "_timeout": 2000
        }
      ],
      "passes": [],
      "failures": [],
      "pending": [],
      "skipped": [],
      "duration": 0,
      "root": true,
      "rootEmpty": true,
      "_timeout": 2000
    },
    {
      "uuid": "fe3a983a-8315-4e77-8532-35b9ddb88e4f",
      "title": "",
      "fullFile": "cypress\\integration\\automation-test-store\\add-multiple-items-to-basket.js",
      "file": "cypress\\integration\\automation-test-store\\add-multiple-items-to-basket.js",
      "beforeHooks": [],
      "afterHooks": [],
      "tests": [],
      "suites": [
        {
          "uuid": "4fb296c5-b07a-46cc-8268-20fe6f9e9d9f",
          "title": "Add multiple items to basket",
          "fullFile": "",
          "file": "",
          "beforeHooks": [],
          "afterHooks": [],
          "tests": [
            {
              "title": "Add specific items to basket",
              "fullTitle": "Add multiple items to basket Add specific items to basket",
              "timedOut": null,
              "duration": 9066,
              "state": "passed",
              "speed": "slow",
              "pass": true,
              "fail": false,
              "pending": false,
              "context": null,
              "code": "autoStore_HairCare_PO.addHairCareProductsToBaskeet();",
              "err": {},
              "uuid": "b1b2448c-c16a-4e4f-83c7-7468acd1024d",
              "parentUUID": "4fb296c5-b07a-46cc-8268-20fe6f9e9d9f",
              "isHook": false,
              "skipped": false
            }
          ],
          "suites": [],
          "passes": [
            "b1b2448c-c16a-4e4f-83c7-7468acd1024d"
          ],
          "failures": [],
          "pending": [],
          "skipped": [],
          "duration": 9066,
          "root": false,
          "rootEmpty": false,
          "_timeout": 2000
        }
      ],
      "passes": [],
      "failures": [],
      "pending": [],
      "skipped": [],
      "duration": 0,
      "root": true,
      "rootEmpty": true,
      "_timeout": 2000
    }
  ],
  "meta": {
    "mocha": {
      "version": "7.0.1"
    },
    "mochawesome": {
      "options": {
        "quiet": false,
        "reportFilename": "mochawesome",
        "saveHtml": false,
        "saveJson": true,
        "consoleReporter": "spec",
        "useInlineDiffs": false,
        "code": true
      },
      "version": "6.2.2"
    },
    "marge": {
      "options": {
        "id": "default",
        "reportDir": "cypress/results/mochawesome",
        "quite": true,
        "overwrite": false,
        "html": false,
        "json": true
      },
      "version": "5.2.0"
    }
  }
}